<?xml version="1.0" encoding="UTF-8"?>
<!-- Generated by org.testng.reporters.JUnitReportReporter -->
<testsuite hostname="DESKTOP-C8H82DI" failures="0" tests="1" name="Practise.HTTPRequests" time="5.859" errors="0" timestamp="05 Oct 2023 07:55:20 GMT" skipped="0">
  <testcase classname="Practise.HTTPRequests" name="getUser" time="5.859"/>
</testsuite> <!-- Practise.HTTPRequests -->
